<?xml version="1.0" encoding="UTF-8"?>
<testsuite name="com.example.subscription.SubscriptionApplicationTests" tests="1" skipped="0" failures="0" errors="0" timestamp="2021-02-04T01:33:27" hostname="thais" time="0.004">
  <properties/>
  <testcase name="contextLoads()" classname="com.example.subscription.SubscriptionApplicationTests" time="0.004"/>
  <system-out><![CDATA[2021-02-03 22:33:26.524  INFO 24382 --- [    Test worker] .b.t.c.SpringBootTestContextBootstrapper : Neither @ContextConfiguration nor @ContextHierarchy found for test class [com.example.subscription.SubscriptionApplicationTests], using SpringBootContextLoader
2021-02-03 22:33:26.525  INFO 24382 --- [    Test worker] o.s.t.c.support.AbstractContextLoader    : Could not detect default resource locations for test class [com.example.subscription.SubscriptionApplicationTests]: no resource found for suffixes {-context.xml, Context.groovy}.
2021-02-03 22:33:26.526  INFO 24382 --- [    Test worker] t.c.s.AnnotationConfigContextLoaderUtils : Could not detect default configuration classes for test class [com.example.subscription.SubscriptionApplicationTests]: SubscriptionApplicationTests does not declare any static, non-private, non-final, nested classes annotated with @Configuration.
2021-02-03 22:33:26.528  INFO 24382 --- [    Test worker] .b.t.c.SpringBootTestContextBootstrapper : Found @SpringBootConfiguration com.example.subscription.SubscriptionApplication for test class com.example.subscription.SubscriptionApplicationTests
2021-02-03 22:33:26.530  INFO 24382 --- [    Test worker] .b.t.c.SpringBootTestContextBootstrapper : Loaded default TestExecutionListener class names from location [META-INF/spring.factories]: [org.springframework.boot.test.autoconfigure.restdocs.RestDocsTestExecutionListener, org.springframework.boot.test.autoconfigure.web.client.MockRestServiceServerResetTestExecutionListener, org.springframework.boot.test.autoconfigure.web.servlet.MockMvcPrintOnlyOnFailureTestExecutionListener, org.springframework.boot.test.autoconfigure.web.servlet.WebDriverTestExecutionListener, org.springframework.boot.test.autoconfigure.webservices.client.MockWebServiceServerTestExecutionListener, org.springframework.boot.test.mock.mockito.MockitoTestExecutionListener, org.springframework.boot.test.mock.mockito.ResetMocksTestExecutionListener, org.springframework.test.context.web.ServletTestExecutionListener, org.springframework.test.context.support.DirtiesContextBeforeModesTestExecutionListener, org.springframework.test.context.event.ApplicationEventsTestExecutionListener, org.springframework.test.context.support.DependencyInjectionTestExecutionListener, org.springframework.test.context.support.DirtiesContextTestExecutionListener, org.springframework.test.context.transaction.TransactionalTestExecutionListener, org.springframework.test.context.jdbc.SqlScriptsTestExecutionListener, org.springframework.test.context.event.EventPublishingTestExecutionListener]
2021-02-03 22:33:26.530  INFO 24382 --- [    Test worker] .b.t.c.SpringBootTestContextBootstrapper : Using TestExecutionListeners: [org.springframework.test.context.web.ServletTestExecutionListener@751a309f, org.springframework.test.context.support.DirtiesContextBeforeModesTestExecutionListener@51408e3d, org.springframework.test.context.event.ApplicationEventsTestExecutionListener@54b57ea4, org.springframework.boot.test.mock.mockito.MockitoTestExecutionListener@26914d43, org.springframework.boot.test.autoconfigure.SpringBootDependencyInjectionTestExecutionListener@2ab1fc6, org.springframework.test.context.support.DirtiesContextTestExecutionListener@574f58c8, org.springframework.test.context.transaction.TransactionalTestExecutionListener@28704cdb, org.springframework.test.context.jdbc.SqlScriptsTestExecutionListener@427e7c3, org.springframework.test.context.event.EventPublishingTestExecutionListener@5ea88dae, org.springframework.boot.test.autoconfigure.restdocs.RestDocsTestExecutionListener@730c17ab, org.springframework.boot.test.autoconfigure.web.client.MockRestServiceServerResetTestExecutionListener@59b09b85, org.springframework.boot.test.autoconfigure.web.servlet.MockMvcPrintOnlyOnFailureTestExecutionListener@6212668f, org.springframework.boot.test.autoconfigure.web.servlet.WebDriverTestExecutionListener@78cd529e, org.springframework.boot.test.autoconfigure.webservices.client.MockWebServiceServerTestExecutionListener@6b6fa363, org.springframework.boot.test.mock.mockito.ResetMocksTestExecutionListener@365e7138]

  .   ____          _            __ _ _
 /\\ / ___'_ __ _ _(_)_ __  __ _ \ \ \ \
( ( )\___ | '_ | '_| | '_ \/ _` | \ \ \ \
 \\/  ___)| |_)| | | | | || (_| |  ) ) ) )
  '  |____| .__|_| |_|_| |_\__, | / / / /
 =========|_|==============|___/=/_/_/_/
 :: Spring Boot ::                (v2.4.2)

2021-02-03 22:33:26.555  INFO 24382 --- [    Test worker] c.e.s.SubscriptionApplicationTests       : Starting SubscriptionApplicationTests using Java 11.0.6 on thais with PID 24382 (started by thais in /home/thais/code/subscription)
2021-02-03 22:33:26.556  INFO 24382 --- [    Test worker] c.e.s.SubscriptionApplicationTests       : No active profile set, falling back to default profiles: default
2021-02-03 22:33:26.796  INFO 24382 --- [    Test worker] .s.d.r.c.RepositoryConfigurationDelegate : Bootstrapping Spring Data JPA repositories in DEFAULT mode.
2021-02-03 22:33:26.805  INFO 24382 --- [    Test worker] .s.d.r.c.RepositoryConfigurationDelegate : Finished Spring Data repository scanning in 8 ms. Found 2 JPA repository interfaces.
2021-02-03 22:33:26.925  INFO 24382 --- [    Test worker] com.zaxxer.hikari.HikariDataSource       : HikariPool-2 - Starting...
2021-02-03 22:33:26.928  INFO 24382 --- [    Test worker] com.zaxxer.hikari.HikariDataSource       : HikariPool-2 - Start completed.
2021-02-03 22:33:26.937  INFO 24382 --- [    Test worker] o.hibernate.jpa.internal.util.LogHelper  : HHH000204: Processing PersistenceUnitInfo [name: default]
2021-02-03 22:33:26.941  INFO 24382 --- [    Test worker] org.hibernate.dialect.Dialect            : HHH000400: Using dialect: org.hibernate.dialect.H2Dialect
2021-02-03 22:33:26.962  INFO 24382 --- [    Test worker] o.h.e.t.j.p.i.JtaPlatformInitiator       : HHH000490: Using JtaPlatform implementation: [org.hibernate.engine.transaction.jta.platform.internal.NoJtaPlatform]
2021-02-03 22:33:26.962  INFO 24382 --- [    Test worker] j.LocalContainerEntityManagerFactoryBean : Initialized JPA EntityManagerFactory for persistence unit 'default'
2021-02-03 22:33:27.119  WARN 24382 --- [    Test worker] JpaBaseConfiguration$JpaWebConfiguration : spring.jpa.open-in-view is enabled by default. Therefore, database queries may be performed during view rendering. Explicitly configure spring.jpa.open-in-view to disable this warning
2021-02-03 22:33:27.221  INFO 24382 --- [    Test worker] o.s.s.concurrent.ThreadPoolTaskExecutor  : Initializing ExecutorService 'applicationTaskExecutor'
2021-02-03 22:33:27.471  INFO 24382 --- [    Test worker] o.s.b.a.e.web.EndpointLinksResolver      : Exposing 2 endpoint(s) beneath base path '/actuator'
2021-02-03 22:33:27.506  INFO 24382 --- [    Test worker] c.e.s.SubscriptionApplicationTests       : Started SubscriptionApplicationTests in 0.973 seconds (JVM running for 5.21)
]]></system-out>
  <system-err><![CDATA[]]></system-err>
</testsuite>
